Using pre-set license
Built from '2021.2/staging' branch; Version is '2021.2.13f1 (90b6766da538) revision 9483894'; Using compiler version '192829333'; Build Type 'Release'
OS: 'Windows 11  (10.0.22000) 64bit Professional' Language: 'zh' Physical Memory: 32627 MB
BatchMode: 1, IsHumanControllingUs: 0, StartBugReporterOnCrash: 0, Is64bit: 1, IsPro: 1

COMMAND LINE ARGUMENTS:
D:\Unity\2021.2.13f1\Editor\Unity.exe
-adb2
-batchMode
-noUpm
-name
AssetImportWorker0
-projectPath
I:/GitUnity/CST326-Mario/Mario
-logFile
Logs/AssetImportWorker0.log
-srvPort
54184
Successfully changed project path to: I:/GitUnity/CST326-Mario/Mario
I:/GitUnity/CST326-Mario/Mario
[UnityMemory] Configuration Parameters - Can be set up in boot.config
    "memorysetup-bucket-allocator-granularity=16"
    "memorysetup-bucket-allocator-bucket-count=8"
    "memorysetup-bucket-allocator-block-size=33554432"
    "memorysetup-bucket-allocator-block-count=8"
    "memorysetup-main-allocator-block-size=16777216"
    "memorysetup-thread-allocator-block-size=16777216"
    "memorysetup-gfx-main-allocator-block-size=16777216"
    "memorysetup-gfx-thread-allocator-block-size=16777216"
    "memorysetup-cache-allocator-block-size=4194304"
    "memorysetup-typetree-allocator-block-size=2097152"
    "memorysetup-profiler-bucket-allocator-granularity=16"
    "memorysetup-profiler-bucket-allocator-bucket-count=8"
    "memorysetup-profiler-bucket-allocator-block-size=33554432"
    "memorysetup-profiler-bucket-allocator-block-count=8"
    "memorysetup-profiler-allocator-block-size=16777216"
    "memorysetup-profiler-editor-allocator-block-size=1048576"
    "memorysetup-temp-allocator-size-main=16777216"
    "memorysetup-job-temp-allocator-block-size=2097152"
    "memorysetup-job-temp-allocator-block-size-background=1048576"
    "memorysetup-job-temp-allocator-reduction-small-platforms=262144"
    "memorysetup-temp-allocator-size-background-worker=32768"
    "memorysetup-temp-allocator-size-job-worker=262144"
    "memorysetup-temp-allocator-size-preload-manager=33554432"
    "memorysetup-temp-allocator-size-nav-mesh-worker=65536"
    "memorysetup-temp-allocator-size-audio-worker=65536"
    "memorysetup-temp-allocator-size-cloud-worker=32768"
    "memorysetup-temp-allocator-size-gi-baking-worker=262144"
    "memorysetup-temp-allocator-size-gfx=262144"
Refreshing native plugins compatible for Editor in 47.01 ms, found 3 plugins.
Preloading 0 native plugins for Editor in 0.00 ms.
Initialize engine version: 2021.2.13f1 (90b6766da538)
[Subsystems] Discovering subsystems at path D:/Unity/2021.2.13f1/Editor/Data/Resources/UnitySubsystems
[Subsystems] Discovering subsystems at path I:/GitUnity/CST326-Mario/Mario/Assets
GfxDevice: creating device client; threaded=0; jobified=0
Direct3D:
    Version:  Direct3D 11.0 [level 11.1]
    Renderer: NVIDIA GeForce RTX 3080 Ti (ID=0x2208)
    Vendor:   NVIDIA
    VRAM:     12108 MB
    Driver:   30.0.15.1179
Initialize mono
Mono path[0] = 'D:/Unity/2021.2.13f1/Editor/Data/Managed'
Mono path[1] = 'D:/Unity/2021.2.13f1/Editor/Data/MonoBleedingEdge/lib/mono/unityjit-win32'
Mono config path = 'D:/Unity/2021.2.13f1/Editor/Data/MonoBleedingEdge/etc'
Using monoOptions --debugger-agent=transport=dt_socket,embedding=1,server=y,suspend=n,address=127.0.0.1:56368
Begin MonoManager ReloadAssembly
Registering precompiled unity dll's ...
Register platform support module: D:/Unity/2021.2.13f1/Editor/Data/PlaybackEngines/WindowsStandaloneSupport/UnityEditor.WindowsStandalone.Extensions.dll
Registered in 0.000865 seconds.
Native extension for WindowsStandalone target not found
Refreshing native plugins compatible for Editor in 53.03 ms, found 3 plugins.
Preloading 0 native plugins for Editor in 0.00 ms.
Mono: successfully reloaded assembly
- Completed reload, in  0.401 seconds
Domain Reload Profiling:
	ReloadAssembly (401ms)
		BeginReloadAssembly (42ms)
			ExecutionOrderSort (0ms)
			DisableScriptedObjects (0ms)
			BackupInstance (0ms)
			ReleaseScriptingObjects (0ms)
			CreateAndSetChildDomain (1ms)
		EndReloadAssembly (290ms)
			LoadAssemblies (42ms)
			RebuildTransferFunctionScriptingTraits (0ms)
			SetupTypeCache (69ms)
			ReleaseScriptCaches (0ms)
			RebuildScriptCaches (16ms)
			SetupLoadedEditorAssemblies (174ms)
				LogAssemblyErrors (0ms)
				InitializePlatformSupportModulesInManaged (4ms)
				SetLoadedEditorAssemblies (0ms)
				RefreshPlugins (53ms)
				BeforeProcessingInitializeOnLoad (1ms)
				ProcessInitializeOnLoadAttributes (88ms)
				ProcessInitializeOnLoadMethodAttributes (28ms)
				AfterProcessingInitializeOnLoad (0ms)
				EditorAssembliesLoaded (0ms)
			ExecutionOrderSort2 (0ms)
			AwakeInstancesAfterBackupRestoration (0ms)
Platform modules already initialized, skipping
Registering precompiled user dll's ...
Registered in 0.001223 seconds.
Begin MonoManager ReloadAssembly
Symbol file LoadedFromMemory doesn't match image I:\GitUnity\CST326-Mario\Mario\Library\PackageCache\com.unity.visualscripting@1.7.6\Editor\VisualScripting.Core\Dependencies\YamlDotNet\Unity.VisualScripting.YamlDotNet.dll
Symbol file LoadedFromMemory doesn't match image I:\GitUnity\CST326-Mario\Mario\Library\PackageCache\com.unity.visualscripting@1.7.6\Editor\VisualScripting.Core\Dependencies\DotNetZip\Unity.VisualScripting.IonicZip.dll
Native extension for WindowsStandalone target not found
Refreshing native plugins compatible for Editor in 0.48 ms, found 3 plugins.
Preloading 0 native plugins for Editor in 0.00 ms.
Mono: successfully reloaded assembly
- Completed reload, in  0.569 seconds
Domain Reload Profiling:
	ReloadAssembly (570ms)
		BeginReloadAssembly (61ms)
			ExecutionOrderSort (0ms)
			DisableScriptedObjects (3ms)
			BackupInstance (0ms)
			ReleaseScriptingObjects (0ms)
			CreateAndSetChildDomain (13ms)
		EndReloadAssembly (441ms)
			LoadAssemblies (40ms)
			RebuildTransferFunctionScriptingTraits (0ms)
			SetupTypeCache (149ms)
			ReleaseScriptCaches (0ms)
			RebuildScriptCaches (27ms)
			SetupLoadedEditorAssemblies (200ms)
				LogAssemblyErrors (0ms)
				InitializePlatformSupportModulesInManaged (2ms)
				SetLoadedEditorAssemblies (0ms)
				RefreshPlugins (1ms)
				BeforeProcessingInitializeOnLoad (42ms)
				ProcessInitializeOnLoadAttributes (138ms)
				ProcessInitializeOnLoadMethodAttributes (14ms)
				AfterProcessingInitializeOnLoad (1ms)
				EditorAssembliesLoaded (0ms)
			ExecutionOrderSort2 (0ms)
			AwakeInstancesAfterBackupRestoration (4ms)
Platform modules already initialized, skipping
========================================================================
Worker process is ready to serve import requests
Launched and connected shader compiler UnityShaderCompiler.exe after 0.02 seconds
Refreshing native plugins compatible for Editor in 0.30 ms, found 3 plugins.
Preloading 0 native plugins for Editor in 0.00 ms.
Unloading 3233 Unused Serialized files (Serialized files now loaded: 0)
Unloading 23 unused Assets / (112.2 KB). Loaded Objects now: 3694.
Memory consumption went from 118.4 MB to 118.3 MB.
Total: 1.782500 ms (FindLiveObjects: 0.155000 ms CreateObjectMapping: 0.073800 ms MarkObjects: 1.485200 ms  DeleteObjects: 0.067900 ms)

AssetImportParameters requested are different than current active one (requested -> active):
  custom:video-decoder-ogg-theora: a1e56fd34408186e4bbccfd4996cb3dc -> 
  custom:container-muxer-webm: aa71ff27fc2769a1b78a27578f13a17b -> 
  custom:container-demuxer-webm: 4f35f7cbe854078d1ac9338744f61a02 -> 
  custom:video-encoder-webm-vp8: eb34c28f22e8b96e1ab97ce403110664 -> 
  custom:audio-encoder-webm-vorbis: bf7c407c2cedff20999df2af8eb42d56 -> 
  custom:framework-win-MediaFoundation: 216162199b28c13a410421893ffa2e32 -> 
  custom:container-demuxer-ogg: 62fdf1f143b41e24485cea50d1cbac27 -> 
  custom:video-decoder-webm-vp8: 9c59270c3fd7afecdb556c50c9e8de78 -> 
  custom:audio-decoder-ogg-vorbis: bf7c407c2cedff20999df2af8eb42d56 -> 
========================================================================
Received Import Request.
  Time since last request: 233.240948 seconds.
  path: Assets/Platformer/Mario
  artifactKey: Guid(e642ab6d3af821a41815425edc40046c) Importer(815301076,1909f56bfc062723c751e8b465ee728b)
Start importing Assets/Platformer/Mario using Guid(e642ab6d3af821a41815425edc40046c) Importer(815301076,1909f56bfc062723c751e8b465ee728b)  -> (artifact id: 'c57d71715cafe7fa74b60c286a0bc810') in 0.003717 seconds 
========================================================================
Received Import Request.
  Time since last request: 3.534996 seconds.
  path: Assets/Platformer/Mario/source
  artifactKey: Guid(1bd9aa033d2f5704dab431402b1971ae) Importer(815301076,1909f56bfc062723c751e8b465ee728b)
Start importing Assets/Platformer/Mario/source using Guid(1bd9aa033d2f5704dab431402b1971ae) Importer(815301076,1909f56bfc062723c751e8b465ee728b)  -> (artifact id: '4a56e67bb72fb1efc40235e2a3b812e2') in 0.000886 seconds 
========================================================================
Received Import Request.
  Time since last request: 0.065030 seconds.
  path: Assets/Platformer/Mario/source/Mario.blend
  artifactKey: Guid(60d3ec995ac8c86478222ee76d00ddee) Importer(815301076,1909f56bfc062723c751e8b465ee728b)
Start importing Assets/Platformer/Mario/source/Mario.blend using Guid(60d3ec995ac8c86478222ee76d00ddee) Importer(815301076,1909f56bfc062723c751e8b465ee728b)  -> (artifact id: 'b0b083643e54edd165a566f39eb2ac1a') in 0.223645 seconds 
========================================================================
Received Prepare
Registering precompiled user dll's ...
Registered in 0.001393 seconds.
Begin MonoManager ReloadAssembly
Symbol file LoadedFromMemory doesn't match image I:\GitUnity\CST326-Mario\Mario\Library\PackageCache\com.unity.visualscripting@1.7.6\Editor\VisualScripting.Core\Dependencies\YamlDotNet\Unity.VisualScripting.YamlDotNet.dll
Symbol file LoadedFromMemory doesn't match image I:\GitUnity\CST326-Mario\Mario\Library\PackageCache\com.unity.visualscripting@1.7.6\Editor\VisualScripting.Core\Dependencies\DotNetZip\Unity.VisualScripting.IonicZip.dll
Native extension for WindowsStandalone target not found
Refreshing native plugins compatible for Editor in 0.38 ms, found 3 plugins.
Preloading 0 native plugins for Editor in 0.00 ms.
Mono: successfully reloaded assembly
- Completed reload, in  0.540 seconds
Domain Reload Profiling:
	ReloadAssembly (540ms)
		BeginReloadAssembly (77ms)
			ExecutionOrderSort (0ms)
			DisableScriptedObjects (2ms)
			BackupInstance (0ms)
			ReleaseScriptingObjects (0ms)
			CreateAndSetChildDomain (20ms)
		EndReloadAssembly (411ms)
			LoadAssemblies (43ms)
			RebuildTransferFunctionScriptingTraits (0ms)
			SetupTypeCache (144ms)
			ReleaseScriptCaches (1ms)
			RebuildScriptCaches (23ms)
			SetupLoadedEditorAssemblies (175ms)
				LogAssemblyErrors (0ms)
				InitializePlatformSupportModulesInManaged (7ms)
				SetLoadedEditorAssemblies (0ms)
				RefreshPlugins (0ms)
				BeforeProcessingInitializeOnLoad (31ms)
				ProcessInitializeOnLoadAttributes (121ms)
				ProcessInitializeOnLoadMethodAttributes (14ms)
				AfterProcessingInitializeOnLoad (1ms)
				EditorAssembliesLoaded (0ms)
			ExecutionOrderSort2 (0ms)
			AwakeInstancesAfterBackupRestoration (4ms)
Platform modules already initialized, skipping
Refreshing native plugins compatible for Editor in 0.92 ms, found 3 plugins.
Preloading 0 native plugins for Editor in 0.00 ms.
Unloading 3215 Unused Serialized files (Serialized files now loaded: 0)
Unloading 16 unused Assets / (79.1 KB). Loaded Objects now: 3739.
Memory consumption went from 134.4 MB to 134.3 MB.
Total: 2.037800 ms (FindLiveObjects: 0.145100 ms CreateObjectMapping: 0.070000 ms MarkObjects: 1.765300 ms  DeleteObjects: 0.056500 ms)

AssetImportParameters requested are different than current active one (requested -> active):
  custom:video-decoder-ogg-theora: a1e56fd34408186e4bbccfd4996cb3dc -> 
  custom:container-muxer-webm: aa71ff27fc2769a1b78a27578f13a17b -> 
  custom:container-demuxer-webm: 4f35f7cbe854078d1ac9338744f61a02 -> 
  custom:video-encoder-webm-vp8: eb34c28f22e8b96e1ab97ce403110664 -> 
  custom:audio-encoder-webm-vorbis: bf7c407c2cedff20999df2af8eb42d56 -> 
  custom:framework-win-MediaFoundation: 216162199b28c13a410421893ffa2e32 -> 
  custom:container-demuxer-ogg: 62fdf1f143b41e24485cea50d1cbac27 -> 
  custom:video-decoder-webm-vp8: 9c59270c3fd7afecdb556c50c9e8de78 -> 
  custom:audio-decoder-ogg-vorbis: bf7c407c2cedff20999df2af8eb42d56 -> 
========================================================================
Received Prepare
Registering precompiled user dll's ...
Registered in 0.001666 seconds.
Begin MonoManager ReloadAssembly
Symbol file LoadedFromMemory doesn't match image I:\GitUnity\CST326-Mario\Mario\Library\PackageCache\com.unity.visualscripting@1.7.6\Editor\VisualScripting.Core\Dependencies\YamlDotNet\Unity.VisualScripting.YamlDotNet.dll
Symbol file LoadedFromMemory doesn't match image I:\GitUnity\CST326-Mario\Mario\Library\PackageCache\com.unity.visualscripting@1.7.6\Editor\VisualScripting.Core\Dependencies\DotNetZip\Unity.VisualScripting.IonicZip.dll
Native extension for WindowsStandalone target not found
Refreshing native plugins compatible for Editor in 0.37 ms, found 3 plugins.
Preloading 0 native plugins for Editor in 0.00 ms.
Mono: successfully reloaded assembly
- Completed reload, in  0.534 seconds
Domain Reload Profiling:
	ReloadAssembly (534ms)
		BeginReloadAssembly (75ms)
			ExecutionOrderSort (0ms)
			DisableScriptedObjects (4ms)
			BackupInstance (0ms)
			ReleaseScriptingObjects (0ms)
			CreateAndSetChildDomain (20ms)
		EndReloadAssembly (407ms)
			LoadAssemblies (40ms)
			RebuildTransferFunctionScriptingTraits (0ms)
			SetupTypeCache (137ms)
			ReleaseScriptCaches (1ms)
			RebuildScriptCaches (22ms)
			SetupLoadedEditorAssemblies (175ms)
				LogAssemblyErrors (0ms)
				InitializePlatformSupportModulesInManaged (8ms)
				SetLoadedEditorAssemblies (0ms)
				RefreshPlugins (0ms)
				BeforeProcessingInitializeOnLoad (32ms)
				ProcessInitializeOnLoadAttributes (120ms)
				ProcessInitializeOnLoadMethodAttributes (13ms)
				AfterProcessingInitializeOnLoad (1ms)
				EditorAssembliesLoaded (0ms)
			ExecutionOrderSort2 (0ms)
			AwakeInstancesAfterBackupRestoration (5ms)
Platform modules already initialized, skipping
Refreshing native plugins compatible for Editor in 0.71 ms, found 3 plugins.
Preloading 0 native plugins for Editor in 0.00 ms.
Unloading 3215 Unused Serialized files (Serialized files now loaded: 0)
Unloading 16 unused Assets / (79.2 KB). Loaded Objects now: 3741.
Memory consumption went from 134.4 MB to 134.3 MB.
Total: 1.768400 ms (FindLiveObjects: 0.145200 ms CreateObjectMapping: 0.065100 ms MarkObjects: 1.496900 ms  DeleteObjects: 0.060500 ms)

AssetImportParameters requested are different than current active one (requested -> active):
  custom:video-decoder-ogg-theora: a1e56fd34408186e4bbccfd4996cb3dc -> 
  custom:container-muxer-webm: aa71ff27fc2769a1b78a27578f13a17b -> 
  custom:container-demuxer-webm: 4f35f7cbe854078d1ac9338744f61a02 -> 
  custom:video-encoder-webm-vp8: eb34c28f22e8b96e1ab97ce403110664 -> 
  custom:audio-encoder-webm-vorbis: bf7c407c2cedff20999df2af8eb42d56 -> 
  custom:framework-win-MediaFoundation: 216162199b28c13a410421893ffa2e32 -> 
  custom:container-demuxer-ogg: 62fdf1f143b41e24485cea50d1cbac27 -> 
  custom:video-decoder-webm-vp8: 9c59270c3fd7afecdb556c50c9e8de78 -> 
  custom:audio-decoder-ogg-vorbis: bf7c407c2cedff20999df2af8eb42d56 -> 
========================================================================
Received Prepare
Registering precompiled user dll's ...
Registered in 0.001151 seconds.
Begin MonoManager ReloadAssembly
Symbol file LoadedFromMemory doesn't match image I:\GitUnity\CST326-Mario\Mario\Library\PackageCache\com.unity.visualscripting@1.7.6\Editor\VisualScripting.Core\Dependencies\YamlDotNet\Unity.VisualScripting.YamlDotNet.dll
Symbol file LoadedFromMemory doesn't match image I:\GitUnity\CST326-Mario\Mario\Library\PackageCache\com.unity.visualscripting@1.7.6\Editor\VisualScripting.Core\Dependencies\DotNetZip\Unity.VisualScripting.IonicZip.dll
Native extension for WindowsStandalone target not found
Refreshing native plugins compatible for Editor in 0.35 ms, found 3 plugins.
Preloading 0 native plugins for Editor in 0.00 ms.
Mono: successfully reloaded assembly
- Completed reload, in  0.529 seconds
Domain Reload Profiling:
	ReloadAssembly (529ms)
		BeginReloadAssembly (75ms)
			ExecutionOrderSort (0ms)
			DisableScriptedObjects (3ms)
			BackupInstance (0ms)
			ReleaseScriptingObjects (0ms)
			CreateAndSetChildDomain (20ms)
		EndReloadAssembly (401ms)
			LoadAssemblies (41ms)
			RebuildTransferFunctionScriptingTraits (0ms)
			SetupTypeCache (134ms)
			ReleaseScriptCaches (1ms)
			RebuildScriptCaches (22ms)
			SetupLoadedEditorAssemblies (177ms)
				LogAssemblyErrors (0ms)
				InitializePlatformSupportModulesInManaged (7ms)
				SetLoadedEditorAssemblies (0ms)
				RefreshPlugins (0ms)
				BeforeProcessingInitializeOnLoad (32ms)
				ProcessInitializeOnLoadAttributes (122ms)
				ProcessInitializeOnLoadMethodAttributes (14ms)
				AfterProcessingInitializeOnLoad (1ms)
				EditorAssembliesLoaded (0ms)
			ExecutionOrderSort2 (0ms)
			AwakeInstancesAfterBackupRestoration (4ms)
Platform modules already initialized, skipping
Refreshing native plugins compatible for Editor in 0.84 ms, found 3 plugins.
Preloading 0 native plugins for Editor in 0.00 ms.
Unloading 3215 Unused Serialized files (Serialized files now loaded: 0)
Unloading 16 unused Assets / (79.1 KB). Loaded Objects now: 3743.
Memory consumption went from 134.4 MB to 134.3 MB.
Total: 1.726400 ms (FindLiveObjects: 0.142100 ms CreateObjectMapping: 0.063600 ms MarkObjects: 1.467600 ms  DeleteObjects: 0.052500 ms)

AssetImportParameters requested are different than current active one (requested -> active):
  custom:video-decoder-ogg-theora: a1e56fd34408186e4bbccfd4996cb3dc -> 
  custom:container-muxer-webm: aa71ff27fc2769a1b78a27578f13a17b -> 
  custom:container-demuxer-webm: 4f35f7cbe854078d1ac9338744f61a02 -> 
  custom:video-encoder-webm-vp8: eb34c28f22e8b96e1ab97ce403110664 -> 
  custom:audio-encoder-webm-vorbis: bf7c407c2cedff20999df2af8eb42d56 -> 
  custom:framework-win-MediaFoundation: 216162199b28c13a410421893ffa2e32 -> 
  custom:container-demuxer-ogg: 62fdf1f143b41e24485cea50d1cbac27 -> 
  custom:video-decoder-webm-vp8: 9c59270c3fd7afecdb556c50c9e8de78 -> 
  custom:audio-decoder-ogg-vorbis: bf7c407c2cedff20999df2af8eb42d56 -> 
========================================================================
Received Import Request.
  Time since last request: 94.952483 seconds.
  path: Assets/Platformer/Mario/textures
  artifactKey: Guid(190dbe5242292d54d9151d5ad27cb018) Importer(815301076,1909f56bfc062723c751e8b465ee728b)
Start importing Assets/Platformer/Mario/textures using Guid(190dbe5242292d54d9151d5ad27cb018) Importer(815301076,1909f56bfc062723c751e8b465ee728b)  -> (artifact id: 'eb5a27e9144385b38ed8f661907ce7a5') in 0.003584 seconds 
========================================================================
Received Import Request.
  Time since last request: 58.866600 seconds.
  path: Assets/Platformer/Mario/source/mario mp10.zip
  artifactKey: Guid(a2df6347c8128b04fb7630fad036abe3) Importer(815301076,1909f56bfc062723c751e8b465ee728b)
Start importing Assets/Platformer/Mario/source/mario mp10.zip using Guid(a2df6347c8128b04fb7630fad036abe3) Importer(815301076,1909f56bfc062723c751e8b465ee728b)  -> (artifact id: '89abebb2debbf90a997a4ec4248cbf71') in 0.009174 seconds 
========================================================================
Received Import Request.
  Time since last request: 22.353523 seconds.
  path: Assets/Platformer/Mario/source/mario mp10
  artifactKey: Guid(421cfb80867f62a47bc98759405f79f9) Importer(815301076,1909f56bfc062723c751e8b465ee728b)
Start importing Assets/Platformer/Mario/source/mario mp10 using Guid(421cfb80867f62a47bc98759405f79f9) Importer(815301076,1909f56bfc062723c751e8b465ee728b)  -> (artifact id: 'f3b44efa2fc0e02ac36fe21092ff9eb1') in 0.000681 seconds 
========================================================================
Received Import Request.
  Time since last request: 3.590456 seconds.
  path: Assets/Platformer/Mario/textures/Mario_eye_1.png
  artifactKey: Guid(b3139ee4aea9f7e43afe38a0f9edca8e) Importer(815301076,1909f56bfc062723c751e8b465ee728b)
Start importing Assets/Platformer/Mario/textures/Mario_eye_1.png using Guid(b3139ee4aea9f7e43afe38a0f9edca8e) Importer(815301076,1909f56bfc062723c751e8b465ee728b)  -> (artifact id: 'f36e82c653be712cf345f700164e16dd') in 0.031251 seconds 
========================================================================
Received Import Request.
  Time since last request: 0.000020 seconds.
  path: Assets/Platformer/Mario/textures/Mario_eye_1_SPC.png
  artifactKey: Guid(61ec616a13be97e48a7122aa09b206f6) Importer(815301076,1909f56bfc062723c751e8b465ee728b)
Start importing Assets/Platformer/Mario/textures/Mario_eye_1_SPC.png using Guid(61ec616a13be97e48a7122aa09b206f6) Importer(815301076,1909f56bfc062723c751e8b465ee728b)  -> (artifact id: 'fbc62f90ec34f07131cbb4b2b84745ca') in 0.006394 seconds 
========================================================================
Received Import Request.
  Time since last request: 0.005059 seconds.
  path: Assets/Platformer/Mario/textures/pc01_body_nml.png
  artifactKey: Guid(ab8f6c49140bcb740b67ef1a22e8420c) Importer(815301076,1909f56bfc062723c751e8b465ee728b)
Start importing Assets/Platformer/Mario/textures/pc01_body_nml.png using Guid(ab8f6c49140bcb740b67ef1a22e8420c) Importer(815301076,1909f56bfc062723c751e8b465ee728b)  -> (artifact id: '23ea27c6b515409b00a9bfcf10d338e2') in 0.005890 seconds 
========================================================================
Received Import Request.
  Time since last request: 0.000020 seconds.
  path: Assets/Platformer/Mario/textures/Mario_eye_1_opposite_SPC.png
  artifactKey: Guid(2149105c63c372a47a8a050f3dddce38) Importer(815301076,1909f56bfc062723c751e8b465ee728b)
Start importing Assets/Platformer/Mario/textures/Mario_eye_1_opposite_SPC.png using Guid(2149105c63c372a47a8a050f3dddce38) Importer(815301076,1909f56bfc062723c751e8b465ee728b)  -> (artifact id: '88a8391abce3b7f7af0d17195b490639') in 0.005768 seconds 
========================================================================
Received Import Request.
  Time since last request: 0.000016 seconds.
  path: Assets/Platformer/Mario/textures/Mario_eye_1_opposite.png
  artifactKey: Guid(43685d11e8af19f4ca1710f0c3f9cf86) Importer(815301076,1909f56bfc062723c751e8b465ee728b)
Start importing Assets/Platformer/Mario/textures/Mario_eye_1_opposite.png using Guid(43685d11e8af19f4ca1710f0c3f9cf86) Importer(815301076,1909f56bfc062723c751e8b465ee728b)  -> (artifact id: '961203d39d0a349a340174762d7d1298') in 0.005020 seconds 
========================================================================
Received Import Request.
  Time since last request: 0.000017 seconds.
  path: Assets/Platformer/Mario/textures/pc01_eyelid_mask.png
  artifactKey: Guid(166aa7370e7b1c849b91e964d5b52b22) Importer(815301076,1909f56bfc062723c751e8b465ee728b)
Start importing Assets/Platformer/Mario/textures/pc01_eyelid_mask.png using Guid(166aa7370e7b1c849b91e964d5b52b22) Importer(815301076,1909f56bfc062723c751e8b465ee728b)  -> (artifact id: '94d2b1a3985e33e7524fe93cab2b5136') in 0.005154 seconds 
========================================================================
Received Import Request.
  Time since last request: 0.000012 seconds.
  path: Assets/Platformer/Mario/textures/pc01_button_ref.png
  artifactKey: Guid(1638e2b8363fac84ea25ddfd58482fce) Importer(815301076,1909f56bfc062723c751e8b465ee728b)
Start importing Assets/Platformer/Mario/textures/pc01_button_ref.png using Guid(1638e2b8363fac84ea25ddfd58482fce) Importer(815301076,1909f56bfc062723c751e8b465ee728b)  -> (artifact id: '1c8b0aa134ea6ca097053832d393d713') in 0.005329 seconds 
========================================================================
Received Import Request.
  Time since last request: 47.243421 seconds.
  path: Assets/Platformer/Mario/source/Mario/Mario_Brow.png
  artifactKey: Guid(d7bc11f9657f3684ebb661a6c6d0adb0) Importer(815301076,1909f56bfc062723c751e8b465ee728b)
Start importing Assets/Platformer/Mario/source/Mario/Mario_Brow.png using Guid(d7bc11f9657f3684ebb661a6c6d0adb0) Importer(815301076,1909f56bfc062723c751e8b465ee728b)  -> (artifact id: '30ae6e2ea2f64a65f50d9deda8cf61c4') in 0.006072 seconds 
Editor requested this worker to shutdown with reason: Scaling down because of idle timeout
AssetImportWorker is now disconnected from the server
Process exiting
Exiting without the bug reporter. Application will terminate with return code 0